1 Thu Aug 20 14:24:15 2015
 ection to SQL server established.
2 Thu Aug 20 14:24:15 2015
 A sensor node with sensorID 1 has opened a new connection.
3 Thu Aug 20 14:24:15 2015
 The sensor node with 1 in room 1 reports it's too hot.
4 Thu Aug 20 14:24:15 2015
 The sensor node with 1 in room 1 reports it's too hot.
5 Thu Aug 20 14:24:15 2015
 The sensor node with 1 in room 1 reports it's too hot.
6 Thu Aug 20 14:26:19 2015
 Connection to SQL server established.
7 Thu Aug 20 14:26:19 2015
 A sensor node with sensorID 1 has opened a new connection.
8 Thu Aug 20 14:26:19 2015
 The sensor node with 1 in room 1 reports it's too hot.
9 Thu Aug 20 14:31:01 2015
 Connection to SQL server established.
10 Thu Aug 20 14:31:01 2015
 A sensor node with sensorID 1 has opened a new connection.
11 Thu Aug 20 14:37:17 2015
 Connection to SQL server established.
12 Thu Aug 20 14:37:17 2015
 A sensor node with sensorID 1 has opened a new connection.
13 Thu Aug 20 14:37:17 2015
 The sensor node with 1 in room 1 reports it's too hot.
14 Thu Aug 20 14:37:17 2015
 The sensor node with 1 in room 1 reports it's too hot.
15 Thu Aug 20 14:37:17 2015
 The sensor node with 1 in room 1 reports it's too hot.
16 Thu Aug 20 14:40:36 2015
 Connection to SQL server established.
17 Thu Aug 20 14:40:36 2015
 A sensor node with sensorID 1 has opened a new connection.
18 Thu Aug 20 14:40:53 2015
 Connection to SQL server established.
19 Thu Aug 20 14:41:12 2015
 Connection to SQL server established.
20 Thu Aug 20 14:42:53 2015
 Connection to SQL server established.
21 Thu Aug 20 14:42:53 2015
 A sensor node with sensorID 1 has opened a new connection.
22 Thu Aug 20 14:42:53 2015
 The sensor node with 1 in room 1 reports it's too hot.
23 Thu Aug 20 14:44:00 2015
 Connection to SQL server established.
24 Thu Aug 20 14:44:00 2015
 A sensor node with sensorID 1 has opened a new connection.
25 Thu Aug 20 15:37:24 2015
 Connection to SQL server established.
26 Thu Aug 20 15:37:24 2015
 A sensor node with sensorID 1 has opened a new connection.
27 Thu Aug 20 15:41:36 2015
 Connection to SQL server established.
28 Thu Aug 20 15:45:16 2015
 Connection to SQL server established.
29 Thu Aug 20 15:45:16 2015
 A sensor node with sensorID 1 has opened a new connection.
30 Thu Aug 20 15:45:16 2015
 A sensor node with sensorID 2 has opened a new connection.
31 Thu Aug 20 15:45:16 2015
 The sensor node with 1 in room 1 reports it's too hot.
32 Thu Aug 20 15:45:16 2015
 A sensor node with sensorID 3 has opened a new connection.
33 Thu Aug 20 15:45:16 2015
 The sensor node with 3 in room 3 reports it's too hot.
34 Thu Aug 20 15:49:04 2015
 Connection to SQL server established.
35 Thu Aug 20 15:49:04 2015
 A sensor node with sensorID 5 has opened a new connection.
36 Thu Aug 20 15:49:24 2015
 Connection to SQL server established.
37 Thu Aug 20 15:50:51 2015
 Connection to SQL server established.
38 Thu Aug 20 15:50:51 2015
 A sensor node with sensorID 2 has opened a new connection.
39 Thu Aug 20 15:50:51 2015
 The sensor node with 2 in room 2 reports it's too hot.
40 Thu Aug 20 15:50:51 2015
 The sensor node with 2 in room 2 reports it's too hot.
41 Thu Aug 20 16:13:42 2015
 Connection to SQL server established.
42 Thu Aug 20 16:13:42 2015
 A sensor node with sensorID 1 has opened a new connection.
43 Thu Aug 20 16:13:42 2015
 The sensor node with 1 in room 1 reports it's too hot.
44 Thu Aug 20 16:13:42 2015
 The sensor node with 1 in room 1 reports it's too hot.
45 Thu Aug 20 16:13:42 2015
 The sensor node with 1 in room 1 reports it's too hot.
46 Thu Aug 20 16:13:42 2015
 The sensor node with 1 in room 1 reports it's too hot.
47 Thu Aug 20 16:15:43 2015
 ection to SQL server established.
48 Thu Aug 20 16:15:43 2015
 A sensor node with sensorID 1 has opened a new connection.
49 Thu Aug 20 16:15:43 2015
 The sensor node with 1 in room 1 reports it's too hot.
50 Thu Aug 20 16:15:43 2015
 The sensor node with 1 in room 1 reports it's too hot.
51 Thu Aug 20 16:15:43 2015
 The sensor node with 1 in room 1 reports it's too hot.
52 Thu Aug 20 16:54:52 2015
 Connection to SQL server established.
53 Thu Aug 20 16:54:52 2015
 A sensor node with sensorID 1 has opened a new connection.
54 Thu Aug 20 16:54:52 2015
 The sensor node with 1 in room 1 reports it's too hot.
55 Thu Aug 20 16:54:52 2015
 The sensor node with 1 in room 1 reports it's too hot.
56 Thu Aug 20 16:54:52 2015
 The sensor node with 1 in room 1 reports it's too hot.
57 Thu Aug 20 16:54:52 2015
 The sensor node with 1 in room 1 reports it's too hot.
58 Thu Aug 20 16:54:52 2015
 A sensor node with sensorID 3 has opened a new connection.
59 Thu Aug 20 16:54:52 2015
 The sensor node with 3 in room 3 reports it's too hot.
60 Thu Aug 20 16:54:52 2015
 The sensor node with 1 in room 1 reports it's too hot.
61 Thu Aug 20 16:54:52 2015
 The sensor node with 1 in room 1 reports it's too hot.
62 Thu Aug 20 16:54:52 2015
 A sensor node with sensorID 2 has opened a new connection.
63 Thu Aug 20 16:54:52 2015
 The sensor node with 3 in room 3 reports it's too hot.
64 Thu Aug 20 16:54:52 2015
 The sensor node with 1 in room 1 reports it's too hot.
65 Thu Aug 20 16:54:52 2015
 The sensor node with 1 in room 1 reports it's too hot.
66 Thu Aug 20 16:54:52 2015
 The sensor node with 3 in room 3 reports it's too hot.
67 Thu Aug 20 16:54:52 2015
 The sensor node with 1 in room 1 reports it's too hot.
68 Thu Aug 20 16:54:52 2015
 The sensor node with 1 in room 1 reports it's too hot.
69 Thu Aug 20 16:54:52 2015
 The sensor node with 3 in room 3 reports it's too hot.
70 Thu Aug 20 16:54:52 2015
 The sensor node with 1 in room 1 reports it's too hot.
71 Thu Aug 20 16:54:52 2015
 The sensor node with 1 in room 1 reports it's too hot.
72 Thu Aug 20 16:54:52 2015
 The sensor node with 3 in room 3 reports it's too hot.
73 Thu Aug 20 16:54:52 2015
 The sensor node with 1 in room 1 reports it's too hot.
74 Thu Aug 20 16:54:52 2015
 The sensor node with 1 in room 1 reports it's too hot.
75 Thu Aug 20 16:54:52 2015
 The sensor node with 3 in room 3 reports it's too hot.
76 Thu Aug 20 16:54:52 2015
 The sensor node with 1 in room 1 reports it's too hot.
77 Thu Aug 20 16:54:52 2015
 The sensor node with 1 in room 1 reports it's too hot.
78 Thu Aug 20 16:54:52 2015
 The sensor node with 3 in room 3 reports it's too hot.
79 Thu Aug 20 16:54:52 2015
 The sensor node with 1 in room 1 reports it's too hot.
80 Thu Aug 20 16:54:52 2015
 The sensor node with 1 in room 1 reports it's too hot.
81 Thu Aug 20 16:54:52 2015
 The sensor node with 3 in room 3 reports it's too hot.
82 Thu Aug 20 16:54:52 2015
 The sensor node with 1 in room 1 reports it's too hot.
83 Thu Aug 20 16:54:52 2015
 The sensor node with 1 in room 1 reports it's too hot.
84 Thu Aug 20 16:54:52 2015
 The sensor node with 3 in room 3 reports it's too hot.
85 Thu Aug 20 16:54:52 2015
 The sensor node with 1 in room 1 reports it's too hot.
86 Thu Aug 20 16:54:52 2015
 The sensor node with 1 in room 1 reports it's too hot.
